<?xml version="1.0" encoding="UTF-8"?>
<!-- Generated by org.testng.reporters.JUnitXMLReporter -->
<testsuite hostname="DESKTOP-M8LBSK5" ignored="1" name="Test" tests="1" failures="0" timestamp="2021-10-02T20:41:20 IST" time="9.471" errors="0">
  <testcase name="testTC_Login_01_Negative" time="2.588" classname="testCases_Login.TC_Login"/>
  <testcase name="testTC_Login_02_Negative" time="0.0" classname="testCases_Login.TC_Login">
    <ignored/>
  </testcase> <!-- testTC_Login_02_Negative -->
</testsuite> <!-- Test -->
