<?xml version="1.0" encoding="UTF-8"?>
<testng-results skipped="0" failed="0" ignored="1" total="2" passed="1">
  <reporter-output>
  </reporter-output>
  <suite name="Sanity Suite" duration-ms="9471" started-at="2021-10-02T20:41:10 IST" finished-at="2021-10-02T20:41:19 IST">
    <groups>
    </groups>
    <test name="Test" duration-ms="9471" started-at="2021-10-02T20:41:10 IST" finished-at="2021-10-02T20:41:19 IST">
      <class name="testCases_Login.TC_Login">
        <test-method status="PASS" signature="preCondition(java.lang.String,java.lang.String)[pri:0, instance:testCases_Login.TC_Login@4aa11206]" name="preCondition" is-config="true" duration-ms="6731" started-at="2021-10-02T20:41:10 IST" finished-at="2021-10-02T20:41:17 IST">
          <params>
            <param index="0">
              <value>
                <![CDATA[chrome]]>
              </value>
            </param>
            <param index="1">
              <value>
                <![CDATA[QA]]>
              </value>
            </param>
          </params>
          <reporter-output>
          </reporter-output>
        </test-method> <!-- preCondition -->
        <test-method status="PASS" signature="testTC_Login_01_Negative()[pri:0, instance:testCases_Login.TC_Login@4aa11206]" name="testTC_Login_01_Negative" duration-ms="2588" started-at="2021-10-02T20:41:17 IST" finished-at="2021-10-02T20:41:19 IST">
          <reporter-output>
          </reporter-output>
        </test-method> <!-- testTC_Login_01_Negative -->
        <test-method status="PASS" signature="postCondition()[pri:0, instance:testCases_Login.TC_Login@4aa11206]" name="postCondition" is-config="true" duration-ms="106" started-at="2021-10-02T20:41:19 IST" finished-at="2021-10-02T20:41:19 IST">
          <reporter-output>
          </reporter-output>
        </test-method> <!-- postCondition -->
      </class> <!-- testCases_Login.TC_Login -->
    </test> <!-- Test -->
  </suite> <!-- Sanity Suite -->
</testng-results>
